--------------------start--------------------
--------------------start--------------------
[01-04 14:37:17.755][ERROR] User-Signup-Error: Key: 'signupReq.Input' Error:Field validation for 'Input' failed on the 'required' tag
Key: 'signupReq.Type' Error:Field validation for 'Type' failed on the 'required' tag (user/user.go:159)
[01-04 14:38:08.382][ERROR] User-Signup-Error: redigo: nil returned (user/user.go:221)
[01-04 14:40:13.718][ERROR] User-Signup-Error: redigo: nil returned (user/user.go:221)
[01-04 14:42:07.324][ERROR] User-Signup-Error: redigo: nil returned (user/user.go:221)
[01-04 14:42:16.053][ERROR] User-Signup-Error: record not found (user/user.go:233)
[01-04 14:42:31.906][ERROR] api-AddUserInfo-error: elastic: Error 403 (Forbidden): blocked by: [FORBIDDEN/12/index read-only / allow delete (api)]; [type=cluster_block_exception] (search_service/search_service.go:124)
[01-04 14:42:31.906][ERROR] api-AsyncAddUserInfo-error: elastic: Error 403 (Forbidden): blocked by: [FORBIDDEN/12/index read-only / allow delete (api)]; [type=cluster_block_exception] (search_service/search_service.go:135)
[01-04 14:42:32.272][ERROR] api-UserRegister-error: CLIENT error: Exceed the maximum account 100 (im_service/api.go:49)
[01-04 14:42:48.506][ERROR] api-SendMsg-error: CLIENT error: 发送消息失败 (push_service/api.go:45)
[01-04 14:43:13.988][ERROR] User-Signup-Error: record not found (user/user.go:233)
[01-04 14:43:16.161][ERROR] api-AddUserInfo-error: elastic: Error 403 (Forbidden): blocked by: [FORBIDDEN/12/index read-only / allow delete (api)]; [type=cluster_block_exception] (search_service/search_service.go:124)
[01-04 14:43:16.161][ERROR] api-AsyncAddUserInfo-error: elastic: Error 403 (Forbidden): blocked by: [FORBIDDEN/12/index read-only / allow delete (api)]; [type=cluster_block_exception] (search_service/search_service.go:135)
[01-04 14:43:16.379][ERROR] api-UserRegister-error: CLIENT error: Exceed the maximum account 100 (im_service/api.go:49)
[01-04 14:43:27.948][ERROR] api-SendMsg-error: CLIENT error: 发送消息失败 (push_service/api.go:45)
--------------------start--------------------
[01-04 14:45:25.554][ERROR] User-Signup-Error: record not found (user/user.go:235)
[01-04 14:45:30.131][ERROR] api-AddUserInfo-error: elastic: Error 403 (Forbidden): blocked by: [FORBIDDEN/12/index read-only / allow delete (api)]; [type=cluster_block_exception] (search_service/search_service.go:124)
[01-04 14:45:30.131][ERROR] api-AsyncAddUserInfo-error: elastic: Error 403 (Forbidden): blocked by: [FORBIDDEN/12/index read-only / allow delete (api)]; [type=cluster_block_exception] (search_service/search_service.go:135)
[01-04 14:45:41.242][ERROR] api-UserRegister-error: CLIENT error: Exceed the maximum account 100 (im_service/api.go:49)
[01-04 14:45:53.881][ERROR] UserSignin, err:CLIENT error: Exceed the maximum account 100 (user/user.go:64)
[01-04 14:45:53.886][ERROR] api-SendMsg-error: CLIENT error: 发送消息失败 (push_service/api.go:45)
[01-04 14:46:09.800][ERROR] User-Signup-Error: record not found (user/user.go:235)
[01-04 14:46:09.906][ERROR] api-AddUserInfo-error: elastic: Error 403 (Forbidden): blocked by: [FORBIDDEN/12/index read-only / allow delete (api)]; [type=cluster_block_exception] (search_service/search_service.go:124)
[01-04 14:46:09.906][ERROR] api-AsyncAddUserInfo-error: elastic: Error 403 (Forbidden): blocked by: [FORBIDDEN/12/index read-only / allow delete (api)]; [type=cluster_block_exception] (search_service/search_service.go:135)
[01-04 14:46:10.039][ERROR] api-UserRegister-error: CLIENT error: Exceed the maximum account 100 (im_service/api.go:49)
[01-04 14:46:10.039][ERROR] UserSignin, err:CLIENT error: Exceed the maximum account 100 (user/user.go:64)
[01-04 14:46:10.041][ERROR] api-SendMsg-error: CLIENT error: 发送消息失败 (push_service/api.go:45)
[01-04 14:47:22.813][ERROR] User-Signup-Error: record not found (user/user.go:235)
[01-04 14:47:23.122][ERROR] api-UserRegister-error: CLIENT error: Exceed the maximum account 100 (im_service/api.go:49)
[01-04 14:47:23.122][ERROR] UserSignin, err:CLIENT error: Exceed the maximum account 100 (user/user.go:64)
[01-04 14:47:23.125][ERROR] api-SendMsg-error: CLIENT error: 发送消息失败 (push_service/api.go:45)
[01-04 14:47:23.883][ERROR] api-AddUserInfo-error: no available connection: no Elasticsearch node available (search_service/search_service.go:124)
[01-04 14:47:23.883][ERROR] api-AsyncAddUserInfo-error: no available connection: no Elasticsearch node available (search_service/search_service.go:135)
